Arguments: 
  /snap/node/3041/bin/node /snap/node/3041/bin/yarn.js global dir --json

PATH: 
  /usr/local/sbin:/usr/local/bin:/usr/sbin:/usr/bin:/sbin:/bin:/usr/games:/usr/local/games:/snap/bin

Yarn version: 
  1.22.5

Node version: 
  12.18.4

Platform: 
  linux x64

Trace: 
  Error: EACCES: permission denied, write
      at writeSync (fs.js:679:3)
      at SyncWriteStream._write (internal/fs/sync_write_stream.js:24:3)
      at doWrite (_stream_writable.js:403:12)
      at writeOrBuffer (_stream_writable.js:387:5)
      at SyncWriteStream.Writable.write (_stream_writable.js:318:11)
      at JSONReporter._dump (/snap/node/3041/lib/cli.js:49772:12)
      at JSONReporter.log (/snap/node/3041/lib/cli.js:49800:10)
      at dir (/snap/node/3041/lib/cli.js:36256:14)
      at Object.<anonymous> (/snap/node/3041/lib/cli.js:25940:25)
      at Generator.next (<anonymous>)

npm manifest: 
  No manifest

yarn manifest: 
  No manifest

Lockfile: 
  No lockfile
